<?xml version="1.0"?>
<testsuite name="PhantomJS 2.1.1 (Linux 0.0.0)" package="" timestamp="2018-01-01T10:23:50" id="0" hostname="hitesh-Latitude-E6540" tests="1" errors="0" failures="0" time="0.002">
  <properties>
    <property name="browser.fullName" value="Mozilla/5.0 (Unknown; Linux x86_64) AppleWebKit/538.1 (KHTML, like Gecko) PhantomJS/2.1.1 Safari/538.1"/>
  </properties>
  <testcase name="Likes Component Suit should add two numbers" time="0.002" classname="Likes Component Suit"/>
  <system-out>
    <![CDATA[PhantomJS 2.1.1 (Linux 0.0.0) LOG: LikesComponent{props: Object{likes: 0}, context: undefined, refs: Object{}, updater: Object{isMounted: function (publicInstance) { ... }, enqueueCallback: function (publicInstance, callback) { ... }, enqueueForceUpdate: function (publicInstance) { ... }, enqueueReplaceState: function (publicInstance, completeState) { ... }, enqueueSetState: function (publicInstance, partialState) { ... }}, onLike: function onLike() { ... }}

]]>
  </system-out>
  <system-err/>
</testsuite>